<?xml version="1.0" encoding="UTF-8"?>
<!-- Generated by org.testng.reporters.JUnitReportReporter -->
<testsuite hostname="SAMUEL" failures="0" tests="1" name="testCases.TC001_AccountRegisterTest" time="2.475" errors="0" timestamp="2025-06-06T23:01:50 IST" skipped="0">
  <testcase classname="testCases.TC001_AccountRegisterTest" name="verify_account_registration" time="2.475"/>
</testsuite> <!-- testCases.TC001_AccountRegisterTest -->
