<?xml version="1.0" encoding="UTF-8"?>
<!-- Generated by org.testng.reporters.JUnitReportReporter -->
<testsuite hostname="SAMUEL" failures="0" tests="1" name="testCases.TC004_AddToCart" time="3.709" errors="0" timestamp="2025-06-24T22:48:53 IST" skipped="0">
  <testcase classname="testCases.TC004_AddToCart" name="AddToCart" time="3.709"/>
</testsuite> <!-- testCases.TC004_AddToCart -->
