<?xml version="1.0" encoding="UTF-8"?>
<!-- Generated by org.testng.reporters.JUnitReportReporter -->
<testsuite hostname="SAMUEL" failures="0" tests="1" name="testCases.TC001_AccountRegisterTest" time="2.383" errors="0" timestamp="2025-06-21T13:03:32 IST" skipped="0">
  <testcase classname="testCases.TC001_AccountRegisterTest" name="verify_account_registration" time="2.383"/>
</testsuite> <!-- testCases.TC001_AccountRegisterTest -->
